# JRE version: OpenJDK Runtime Environment (8.0_151-b12) (build 1.8.0_151-8u151-b12-0ubuntu0.16.04.2-b12)
# Java VM: OpenJDK Server VM (25.151-b12 mixed mode linux-x86 )
Heap:
 PSYoungGen      total 18944K, used 11674K [0x918c0000, 0x93080000, 0xa6e00000)
  eden space 14080K, 82% used [0x918c0000,0x9240eae0,0x92680000)
  from space 4864K, 1% used [0x92bc0000,0x92bd8000,0x93080000)
  to   space 5120K, 0% used [0x92680000,0x92680000,0x92b80000)
 ParOldGen       total 43776K, used 5505K [0x66e00000, 0x698c0000, 0x918c0000)
  object space 43776K, 12% used [0x66e00000,0x67360458,0x698c0000)
 Metaspace       used 8172K, capacity 8391K, committed 8472K, reserved 8496K
GC Heap History (10 events):
Event: 113011.715 GC heap before
{Heap before GC invocations=10 (full 0):
 PSYoungGen      total 15616K, used 15488K [0x918c0000, 0x93240000, 0xa6e00000)
  eden space 15360K, 100% used [0x918c0000,0x927c0000,0x927c0000)
  from space 256K, 50% used [0x92800000,0x92820000,0x92840000)
  to   space 5376K, 0% used [0x92d00000,0x92d00000,0x93240000)
 ParOldGen       total 43776K, used 5461K [0x66e00000, 0x698c0000, 0x918c0000)
  object space 43776K, 12% used [0x66e00000,0x67355458,0x698c0000)
 Metaspace       used 8127K, capacity 8359K, committed 8472K, reserved 8496K
Event: 113011.717 GC heap after
Heap after GC invocations=10 (full 0):
 PSYoungGen      total 20224K, used 144K [0x918c0000, 0x93200000, 0xa6e00000)
  eden space 15104K, 0% used [0x918c0000,0x918c0000,0x92780000)
  from space 5120K, 2% used [0x92d00000,0x92d24000,0x93200000)
  to   space 5376K, 0% used [0x92780000,0x92780000,0x92cc0000)
 ParOldGen       total 43776K, used 5469K [0x66e00000, 0x698c0000, 0x918c0000)
  object space 43776K, 12% used [0x66e00000,0x67357458,0x698c0000)
 Metaspace       used 8127K, capacity 8359K, committed 8472K, reserved 8496K
}
Event: 121481.643 GC heap before
{Heap before GC invocations=11 (full 0):
 PSYoungGen      total 20224K, used 15248K [0x918c0000, 0x93200000, 0xa6e00000)
  eden space 15104K, 100% used [0x918c0000,0x92780000,0x92780000)
  from space 5120K, 2% used [0x92d00000,0x92d24000,0x93200000)
  to   space 5376K, 0% used [0x92780000,0x92780000,0x92cc0000)
 ParOldGen       total 43776K, used 5469K [0x66e00000, 0x698c0000, 0x918c0000)
  object space 43776K, 12% used [0x66e00000,0x67357458,0x698c0000)
 Metaspace       used 8141K, capacity 8359K, committed 8472K, reserved 8496K
Event: 121481.647 GC heap after
Heap after GC invocations=11 (full 0):
 PSYoungGen      total 15104K, used 128K [0x918c0000, 0x931c0000, 0xa6e00000)
  eden space 14848K, 0% used [0x918c0000,0x918c0000,0x92740000)
  from space 256K, 50% used [0x92780000,0x927a0000,0x927c0000)
  to   space 5376K, 0% used [0x92c80000,0x92c80000,0x931c0000)
 ParOldGen       total 43776K, used 5477K [0x66e00000, 0x698c0000, 0x918c0000)
  object space 43776K, 12% used [0x66e00000,0x67359458,0x698c0000)
 Metaspace       used 8141K, capacity 8359K, committed 8472K, reserved 8496K
}
Event: 128194.940 GC heap before
{Heap before GC invocations=12 (full 0):
 PSYoungGen      total 15104K, used 14976K [0x918c0000, 0x931c0000, 0xa6e00000)
  eden space 14848K, 100% used [0x918c0000,0x92740000,0x92740000)
  from space 256K, 50% used [0x92780000,0x927a0000,0x927c0000)
  to   space 5376K, 0% used [0x92c80000,0x92c80000,0x931c0000)
 ParOldGen       total 43776K, used 5477K [0x66e00000, 0x698c0000, 0x918c0000)
  object space 43776K, 12% used [0x66e00000,0x67359458,0x698c0000)
 Metaspace       used 8144K, capacity 8359K, committed 8472K, reserved 8496K
Event: 128194.945 GC heap after
Heap after GC invocations=12 (full 0):
 PSYoungGen      total 19712K, used 128K [0x918c0000, 0x93180000, 0xa6e00000)
  eden space 14592K, 0% used [0x918c0000,0x918c0000,0x92700000)
  from space 5120K, 2% used [0x92c80000,0x92ca0020,0x93180000)
  to   space 5376K, 0% used [0x92700000,0x92700000,0x92c40000)
 ParOldGen       total 43776K, used 5485K [0x66e00000, 0x698c0000, 0x918c0000)
  object space 43776K, 12% used [0x66e00000,0x6735b458,0x698c0000)
 Metaspace       used 8144K, capacity 8359K, committed 8472K, reserved 8496K
}
Event: 138291.457 GC heap before
{Heap before GC invocations=13 (full 0):
 PSYoungGen      total 19712K, used 14720K [0x918c0000, 0x93180000, 0xa6e00000)
  eden space 14592K, 100% used [0x918c0000,0x92700000,0x92700000)
  from space 5120K, 2% used [0x92c80000,0x92ca0020,0x93180000)
  to   space 5376K, 0% used [0x92700000,0x92700000,0x92c40000)
 ParOldGen       total 43776K, used 5485K [0x66e00000, 0x698c0000, 0x918c0000)
  object space 43776K, 12% used [0x66e00000,0x6735b458,0x698c0000)
 Metaspace       used 8167K, capacity 8391K, committed 8472K, reserved 8496K
Event: 138291.459 GC heap after
Heap after GC invocations=13 (full 0):
 PSYoungGen      total 14592K, used 120K [0x918c0000, 0x930c0000, 0xa6e00000)
  eden space 14336K, 0% used [0x918c0000,0x918c0000,0x926c0000)
  from space 256K, 46% used [0x92700000,0x9271e010,0x92740000)
  to   space 5120K, 0% used [0x92bc0000,0x92bc0000,0x930c0000)
 ParOldGen       total 43776K, used 5501K [0x66e00000, 0x698c0000, 0x918c0000)
  object space 43776K, 12% used [0x66e00000,0x6735f458,0x698c0000)
 Metaspace       used 8167K, capacity 8391K, committed 8472K, reserved 8496K
}
Event: 163438.215 GC heap before
{Heap before GC invocations=14 (full 0):
 PSYoungGen      total 14592K, used 14456K [0x918c0000, 0x930c0000, 0xa6e00000)
  eden space 14336K, 100% used [0x918c0000,0x926c0000,0x926c0000)
  from space 256K, 46% used [0x92700000,0x9271e010,0x92740000)
  to   space 5120K, 0% used [0x92bc0000,0x92bc0000,0x930c0000)
 ParOldGen       total 43776K, used 5501K [0x66e00000, 0x698c0000, 0x918c0000)
  object space 43776K, 12% used [0x66e00000,0x6735f458,0x698c0000)
 Metaspace       used 8167K, capacity 8391K, committed 8472K, reserved 8496K
Event: 163438.255 GC heap after
Heap after GC invocations=14 (full 0):
 PSYoungGen      total 18944K, used 96K [0x918c0000, 0x93080000, 0xa6e00000)
  eden space 14080K, 0% used [0x918c0000,0x918c0000,0x92680000)
  from space 4864K, 1% used [0x92bc0000,0x92bd8000,0x93080000)
  to   space 5120K, 0% used [0x92680000,0x92680000,0x92b80000)
 ParOldGen       total 43776K, used 5505K [0x66e00000, 0x698c0000, 0x918c0000)
  object space 43776K, 12% used [0x66e00000,0x67360458,0x698c0000)
 Metaspace       used 8167K, capacity 8391K, committed 8472K, reserved 8496K
}

